<?xml version="1.0" encoding="UTF-8"?>
<testsuite name="com.zoho.dzide.ZideConfigParserTest" tests="4" skipped="0" failures="0" errors="0" timestamp="2026-04-16T07:01:38" hostname="hari-19343" time="0.034">
  <properties/>
  <testcase name="computeCombinedHash is deterministic" classname="com.zoho.dzide.ZideConfigParserTest" time="0.003"/>
  <testcase name="extractTomcatPath builds correct path" classname="com.zoho.dzide.ZideConfigParserTest" time="0.027"/>
  <testcase name="parseServiceXml extracts services with properties" classname="com.zoho.dzide.ZideConfigParserTest" time="0.001"/>
  <testcase name="extractHttpPort returns parsed port or default" classname="com.zoho.dzide.ZideConfigParserTest" time="0.002"/>
  <system-out><![CDATA[]]></system-out>
  <system-err><![CDATA[]]></system-err>
</testsuite>
