<?xml version="1.0" encoding="UTF-8"?>
<testsuite name="com.zoho.dzide.ModuleZidePropsParserTest" tests="5" skipped="0" failures="0" errors="0" timestamp="2026-04-16T07:01:38" hostname="hari-19343" time="0.021">
  <properties/>
  <testcase name="null or blank input returns empty list" classname="com.zoho.dzide.ModuleZidePropsParserTest" time="0.007"/>
  <testcase name="parseAutoCopyMappings parses entries correctly" classname="com.zoho.dzide.ModuleZidePropsParserTest" time="0.008"/>
  <testcase name="parseHookTaskMappings parses comma-separated entries" classname="com.zoho.dzide.ModuleZidePropsParserTest" time="0.001"/>
  <testcase name="parseJavaProperties handles standard format" classname="com.zoho.dzide.ModuleZidePropsParserTest" time="0.003"/>
  <testcase name="parseHookTaskMappings strips project prefix" classname="com.zoho.dzide.ModuleZidePropsParserTest" time="0.0"/>
  <system-out><![CDATA[]]></system-out>
  <system-err><![CDATA[]]></system-err>
</testsuite>
